Wed Oct 17 17:25:34 IST 2018 : Apache Derby Network Server - 10.10.2.0 - (1582446) started and ready to accept connections on port 1527
----------------------------------------------------------------
Wed Oct 17 17:25:35 IST 2018:
Booting Derby version The Apache Software Foundation - Apache Derby - 10.10.2.0 - (1582446): instance a816c00e-0166-81e1-8c90-000016df110f 
on database directory D:\JAVA\database\SGT with class loader sun.misc.Launcher$AppClassLoader@1d44bcfa 
Loaded from file:/C:/Program%20Files%20(x86)/glassfish-4.1.1/javadb/lib/derby.jar
java.vendor=Oracle Corporation
java.runtime.version=1.8.0_181-b13
user.dir=C:\Program Files (x86)\glassfish-4.1.1\javadb
os.name=Windows 10
os.arch=amd64
os.version=10.0
derby.system.home=D:\JAVA\database
Database Class Loader started - derby.database.classpath=''
----------------------------------------------------------------
Wed Oct 17 17:26:02 IST 2018: Shutting down Derby engine
----------------------------------------------------------------
Wed Oct 17 17:26:02 IST 2018:
Shutting down instance a816c00e-0166-81e1-8c90-000016df110f on database directory D:\JAVA\database\SGT with class loader sun.misc.Launcher$AppClassLoader@1d44bcfa 
----------------------------------------------------------------
